<?xml version="1.0" encoding="UTF-8"?>
<!-- Generated by org.testng.reporters.JUnitXMLReporter -->
<testsuite hostname="HIBAIL56180" ignored="0" name="KrishnaTest" tests="3" failures="0" timestamp="01 Jan 2020 19:11:41 GMT" time="0.106" errors="0">
  <testcase name="test1" time="0.037" classname="org.ISuiteListernerTest"/>
  <testcase name="test2" time="0.004" classname="org.ISuiteListernerTest"/>
  <testcase name="test3" time="0.003" classname="org.ISuiteListernerTest"/>
</testsuite> <!-- KrishnaTest -->
